{"C:\\GitHub\\mySIB-BinarRentCar\\app\\controllers\\cars.js": {"path":"C:\\GitHub\\mySIB-BinarRentCar\\app\\controllers\\cars.js","statementMap":{"0":{"start":{"line":1,"column":20},"end":{"line":1,"column":49}},"1":{"start":{"line":3,"column":23},"end":{"line":3,"column":38}},"2":{"start":{"line":6,"column":23},"end":{"line":18,"column":1}},"3":{"start":{"line":7,"column":13},"end":{"line":7,"column":26}},"4":{"start":{"line":8,"column":2},"end":{"line":17,"column":3}},"5":{"start":{"line":9,"column":16},"end":{"line":9,"column":48}},"6":{"start":{"line":10,"column":4},"end":{"line":10,"column":18}},"7":{"start":{"line":11,"column":4},"end":{"line":11,"column":11}},"8":{"start":{"line":13,"column":4},"end":{"line":16,"column":7}},"9":{"start":{"line":21,"column":13},"end":{"line":35,"column":1}},"10":{"start":{"line":22,"column":2},"end":{"line":34,"column":3}},"11":{"start":{"line":23,"column":17},"end":{"line":23,"column":53}},"12":{"start":{"line":24,"column":4},"end":{"line":28,"column":7}},"13":{"start":{"line":30,"column":4},"end":{"line":33,"column":7}},"14":{"start":{"line":38,"column":15},"end":{"line":45,"column":1}},"15":{"start":{"line":39,"column":15},"end":{"line":39,"column":22}},"16":{"start":{"line":40,"column":2},"end":{"line":44,"column":5}},"17":{"start":{"line":48,"column":15},"end":{"line":65,"column":1}},"18":{"start":{"line":49,"column":2},"end":{"line":64,"column":3}},"19":{"start":{"line":50,"column":17},"end":{"line":50,"column":90}},"20":{"start":{"line":51,"column":28},"end":{"line":51,"column":36}},"21":{"start":{"line":53,"column":17},"end":{"line":53,"column":59}},"22":{"start":{"line":54,"column":4},"end":{"line":58,"column":7}},"23":{"start":{"line":60,"column":4},"end":{"line":63,"column":7}},"24":{"start":{"line":68,"column":15},"end":{"line":87,"column":1}},"25":{"start":{"line":69,"column":2},"end":{"line":86,"column":3}},"26":{"start":{"line":70,"column":15},"end":{"line":70,"column":28}},"27":{"start":{"line":71,"column":27},"end":{"line":71,"column":35}},"28":{"start":{"line":72,"column":17},"end":{"line":72,"column":54}},"29":{"start":{"line":74,"column":17},"end":{"line":74,"column":62}},"30":{"start":{"line":76,"column":4},"end":{"line":80,"column":7}},"31":{"start":{"line":82,"column":4},"end":{"line":85,"column":7}},"32":{"start":{"line":90,"column":16},"end":{"line":105,"column":1}},"33":{"start":{"line":91,"column":2},"end":{"line":104,"column":3}},"34":{"start":{"line":92,"column":15},"end":{"line":92,"column":28}},"35":{"start":{"line":93,"column":27},"end":{"line":93,"column":35}},"36":{"start":{"line":94,"column":4},"end":{"line":94,"column":44}},"37":{"start":{"line":95,"column":4},"end":{"line":98,"column":7}},"38":{"start":{"line":100,"column":4},"end":{"line":103,"column":7}},"39":{"start":{"line":107,"column":0},"end":{"line":114,"column":2}}},"fnMap":{"0":{"name":"(anonymous_0)","decl":{"start":{"line":6,"column":23},"end":{"line":6,"column":24}},"loc":{"start":{"line":6,"column":49},"end":{"line":18,"column":1}},"line":6},"1":{"name":"(anonymous_1)","decl":{"start":{"line":21,"column":13},"end":{"line":21,"column":14}},"loc":{"start":{"line":21,"column":33},"end":{"line":35,"column":1}},"line":21},"2":{"name":"(anonymous_2)","decl":{"start":{"line":38,"column":15},"end":{"line":38,"column":16}},"loc":{"start":{"line":38,"column":29},"end":{"line":45,"column":1}},"line":38},"3":{"name":"(anonymous_3)","decl":{"start":{"line":48,"column":15},"end":{"line":48,"column":16}},"loc":{"start":{"line":48,"column":35},"end":{"line":65,"column":1}},"line":48},"4":{"name":"(anonymous_4)","decl":{"start":{"line":68,"column":15},"end":{"line":68,"column":16}},"loc":{"start":{"line":68,"column":35},"end":{"line":87,"column":1}},"line":68},"5":{"name":"(anonymous_5)","decl":{"start":{"line":90,"column":16},"end":{"line":90,"column":17}},"loc":{"start":{"line":90,"column":36},"end":{"line":105,"column":1}},"line":90}},"branchMap":{"0":{"loc":{"start":{"line":60,"column":22},"end":{"line":60,"column":45}},"type":"binary-expr","locations":[{"start":{"line":60,"column":22},"end":{"line":60,"column":38}},{"start":{"line":60,"column":42},"end":{"line":60,"column":45}}],"line":60},"1":{"loc":{"start":{"line":100,"column":22},"end":{"line":100,"column":45}},"type":"binary-expr","locations":[{"start":{"line":100,"column":22},"end":{"line":100,"column":38}},{"start":{"line":100,"column":42},"end":{"line":100,"column":45}}],"line":100}},"s":{"0":1,"1":1,"2":1,"3":2,"4":2,"5":2,"6":1,"7":1,"8":1,"9":1,"10":2,"11":2,"12":1,"13":1,"14":1,"15":1,"16":1,"17":1,"18":2,"19":2,"20":2,"21":2,"22":1,"23":1,"24":1,"25":2,"26":2,"27":2,"28":2,"29":2,"30":1,"31":1,"32":1,"33":2,"34":2,"35":2,"36":2,"37":1,"38":1,"39":1},"f":{"0":2,"1":2,"2":1,"3":2,"4":2,"5":2},"b":{"0":[1,0],"1":[1,0]},"_coverageSchema":"1a1c01bbd47fc00a2c39e90264f33305004495a9","hash":"5084524b8c6c65b8355d25fadcab910f74c8a213"}
,"C:\\GitHub\\mySIB-BinarRentCar\\app\\controllers\\general.js": {"path":"C:\\GitHub\\mySIB-BinarRentCar\\app\\controllers\\general.js","statementMap":{"0":{"start":{"line":1,"column":0},"end":{"line":6,"column":2}},"1":{"start":{"line":2,"column":2},"end":{"line":5,"column":5}},"2":{"start":{"line":8,"column":0},"end":{"line":13,"column":2}},"3":{"start":{"line":9,"column":2},"end":{"line":12,"column":5}}},"fnMap":{"0":{"name":"(anonymous_0)","decl":{"start":{"line":1,"column":15},"end":{"line":1,"column":16}},"loc":{"start":{"line":1,"column":29},"end":{"line":6,"column":1}},"line":1},"1":{"name":"(anonymous_1)","decl":{"start":{"line":8,"column":17},"end":{"line":8,"column":18}},"loc":{"start":{"line":8,"column":31},"end":{"line":13,"column":1}},"line":8}},"branchMap":{},"s":{"0":1,"1":1,"2":1,"3":1},"f":{"0":1,"1":1},"b":{},"_coverageSchema":"1a1c01bbd47fc00a2c39e90264f33305004495a9","hash":"31482e98b77a209f9e4e5e9b591565c8f1703541"}
,"C:\\GitHub\\mySIB-BinarRentCar\\app\\controllers\\user.js": {"path":"C:\\GitHub\\mySIB-BinarRentCar\\app\\controllers\\user.js","statementMap":{"0":{"start":{"line":1,"column":20},"end":{"line":1,"column":49}},"1":{"start":{"line":3,"column":0},"end":{"line":19,"column":2}},"2":{"start":{"line":4,"column":2},"end":{"line":18,"column":3}},"3":{"start":{"line":5,"column":17},"end":{"line":5,"column":25}},"4":{"start":{"line":6,"column":17},"end":{"line":6,"column":54}},"5":{"start":{"line":8,"column":4},"end":{"line":12,"column":7}},"6":{"start":{"line":14,"column":4},"end":{"line":17,"column":7}},"7":{"start":{"line":21,"column":0},"end":{"line":37,"column":2}},"8":{"start":{"line":22,"column":2},"end":{"line":36,"column":3}},"9":{"start":{"line":23,"column":17},"end":{"line":23,"column":25}},"10":{"start":{"line":25,"column":17},"end":{"line":25,"column":50}},"11":{"start":{"line":26,"column":4},"end":{"line":30,"column":7}},"12":{"start":{"line":32,"column":4},"end":{"line":35,"column":7}},"13":{"start":{"line":39,"column":0},"end":{"line":54,"column":2}},"14":{"start":{"line":40,"column":2},"end":{"line":53,"column":3}},"15":{"start":{"line":41,"column":17},"end":{"line":41,"column":25}},"16":{"start":{"line":42,"column":17},"end":{"line":42,"column":53}},"17":{"start":{"line":43,"column":4},"end":{"line":47,"column":7}},"18":{"start":{"line":49,"column":4},"end":{"line":52,"column":7}},"19":{"start":{"line":56,"column":0},"end":{"line":62,"column":2}},"20":{"start":{"line":57,"column":2},"end":{"line":61,"column":5}}},"fnMap":{"0":{"name":"(anonymous_0)","decl":{"start":{"line":3,"column":19},"end":{"line":3,"column":20}},"loc":{"start":{"line":3,"column":39},"end":{"line":19,"column":1}},"line":3},"1":{"name":"(anonymous_1)","decl":{"start":{"line":21,"column":16},"end":{"line":21,"column":17}},"loc":{"start":{"line":21,"column":36},"end":{"line":37,"column":1}},"line":21},"2":{"name":"(anonymous_2)","decl":{"start":{"line":39,"column":24},"end":{"line":39,"column":25}},"loc":{"start":{"line":39,"column":44},"end":{"line":54,"column":1}},"line":39},"3":{"name":"(anonymous_3)","decl":{"start":{"line":56,"column":22},"end":{"line":56,"column":23}},"loc":{"start":{"line":56,"column":36},"end":{"line":62,"column":1}},"line":56}},"branchMap":{},"s":{"0":1,"1":1,"2":2,"3":2,"4":2,"5":1,"6":1,"7":1,"8":2,"9":2,"10":2,"11":1,"12":1,"13":1,"14":2,"15":2,"16":2,"17":1,"18":1,"19":1,"20":1},"f":{"0":2,"1":2,"2":2,"3":1},"b":{},"_coverageSchema":"1a1c01bbd47fc00a2c39e90264f33305004495a9","hash":"0cf9396b0e42b28b750c1e95a66ac33b4cd2399d"}
,"C:\\GitHub\\mySIB-BinarRentCar\\app\\middlewares\\auth.js": {"path":"C:\\GitHub\\mySIB-BinarRentCar\\app\\middlewares\\auth.js","statementMap":{"0":{"start":{"line":1,"column":20},"end":{"line":1,"column":49}},"1":{"start":{"line":3,"column":0},"end":{"line":15,"column":2}},"2":{"start":{"line":4,"column":2},"end":{"line":14,"column":3}},"3":{"start":{"line":5,"column":24},"end":{"line":5,"column":49}},"4":{"start":{"line":6,"column":17},"end":{"line":6,"column":57}},"5":{"start":{"line":7,"column":4},"end":{"line":7,"column":20}},"6":{"start":{"line":8,"column":4},"end":{"line":8,"column":11}},"7":{"start":{"line":10,"column":4},"end":{"line":13,"column":7}},"8":{"start":{"line":17,"column":0},"end":{"line":27,"column":2}},"9":{"start":{"line":18,"column":19},"end":{"line":18,"column":27}},"10":{"start":{"line":20,"column":2},"end":{"line":24,"column":7}},"11":{"start":{"line":21,"column":4},"end":{"line":24,"column":7}},"12":{"start":{"line":26,"column":2},"end":{"line":26,"column":9}},"13":{"start":{"line":29,"column":0},"end":{"line":38,"column":2}},"14":{"start":{"line":30,"column":19},"end":{"line":30,"column":27}},"15":{"start":{"line":31,"column":2},"end":{"line":35,"column":7}},"16":{"start":{"line":32,"column":4},"end":{"line":35,"column":7}},"17":{"start":{"line":37,"column":2},"end":{"line":37,"column":9}}},"fnMap":{"0":{"name":"(anonymous_0)","decl":{"start":{"line":3,"column":20},"end":{"line":3,"column":21}},"loc":{"start":{"line":3,"column":46},"end":{"line":15,"column":1}},"line":3},"1":{"name":"(anonymous_1)","decl":{"start":{"line":17,"column":23},"end":{"line":17,"column":24}},"loc":{"start":{"line":17,"column":43},"end":{"line":27,"column":1}},"line":17},"2":{"name":"(anonymous_2)","decl":{"start":{"line":29,"column":25},"end":{"line":29,"column":26}},"loc":{"start":{"line":29,"column":45},"end":{"line":38,"column":1}},"line":29}},"branchMap":{"0":{"loc":{"start":{"line":20,"column":2},"end":{"line":24,"column":7}},"type":"if","locations":[{"start":{"line":20,"column":2},"end":{"line":24,"column":7}},{"start":{},"end":{}}],"line":20},"1":{"loc":{"start":{"line":31,"column":2},"end":{"line":35,"column":7}},"type":"if","locations":[{"start":{"line":31,"column":2},"end":{"line":35,"column":7}},{"start":{},"end":{}}],"line":31},"2":{"loc":{"start":{"line":31,"column":6},"end":{"line":31,"column":47}},"type":"binary-expr","locations":[{"start":{"line":31,"column":6},"end":{"line":31,"column":27}},{"start":{"line":31,"column":31},"end":{"line":31,"column":47}}],"line":31}},"s":{"0":1,"1":1,"2":2,"3":2,"4":2,"5":1,"6":1,"7":1,"8":1,"9":2,"10":2,"11":1,"12":1,"13":1,"14":2,"15":2,"16":1,"17":1},"f":{"0":2,"1":2,"2":2},"b":{"0":[1,1],"1":[1,1],"2":[2,2]},"_coverageSchema":"1a1c01bbd47fc00a2c39e90264f33305004495a9","hash":"14b5c71637010a6292f6a1a2b2fc9c71fbeee21a"}
,"C:\\GitHub\\mySIB-BinarRentCar\\app\\services\\cars.js": {"path":"C:\\GitHub\\mySIB-BinarRentCar\\app\\services\\cars.js","statementMap":{"0":{"start":{"line":1,"column":22},"end":{"line":1,"column":55}},"1":{"start":{"line":2,"column":25},"end":{"line":2,"column":74}},"2":{"start":{"line":4,"column":0},"end":{"line":27,"column":2}},"3":{"start":{"line":5,"column":60},"end":{"line":5,"column":66}},"4":{"start":{"line":7,"column":2},"end":{"line":26,"column":3}},"5":{"start":{"line":9,"column":4},"end":{"line":19,"column":5}},"6":{"start":{"line":9,"column":68},"end":{"line":9,"column":109}},"7":{"start":{"line":11,"column":21},"end":{"line":11,"column":23}},"8":{"start":{"line":12,"column":6},"end":{"line":12,"column":35}},"9":{"start":{"line":12,"column":16},"end":{"line":12,"column":35}},"10":{"start":{"line":13,"column":6},"end":{"line":13,"column":35}},"11":{"start":{"line":13,"column":16},"end":{"line":13,"column":35}},"12":{"start":{"line":14,"column":6},"end":{"line":14,"column":47}},"13":{"start":{"line":14,"column":20},"end":{"line":14,"column":47}},"14":{"start":{"line":15,"column":6},"end":{"line":15,"column":53}},"15":{"start":{"line":15,"column":22},"end":{"line":15,"column":53}},"16":{"start":{"line":16,"column":6},"end":{"line":16,"column":56}},"17":{"start":{"line":16,"column":23},"end":{"line":16,"column":56}},"18":{"start":{"line":18,"column":6},"end":{"line":18,"column":61}},"19":{"start":{"line":21,"column":4},"end":{"line":21,"column":79}},"20":{"start":{"line":21,"column":26},"end":{"line":21,"column":79}},"21":{"start":{"line":23,"column":4},"end":{"line":23,"column":16}},"22":{"start":{"line":25,"column":4},"end":{"line":25,"column":101}},"23":{"start":{"line":29,"column":0},"end":{"line":36,"column":2}},"24":{"start":{"line":30,"column":2},"end":{"line":35,"column":3}},"25":{"start":{"line":31,"column":16},"end":{"line":31,"column":59}},"26":{"start":{"line":32,"column":4},"end":{"line":32,"column":15}},"27":{"start":{"line":34,"column":4},"end":{"line":34,"column":94}},"28":{"start":{"line":38,"column":0},"end":{"line":47,"column":2}},"29":{"start":{"line":39,"column":2},"end":{"line":46,"column":3}},"30":{"start":{"line":40,"column":16},"end":{"line":40,"column":48}},"31":{"start":{"line":41,"column":4},"end":{"line":41,"column":63}},"32":{"start":{"line":41,"column":14},"end":{"line":41,"column":63}},"33":{"start":{"line":43,"column":4},"end":{"line":43,"column":15}},"34":{"start":{"line":45,"column":4},"end":{"line":45,"column":101}},"35":{"start":{"line":49,"column":0},"end":{"line":56,"column":2}},"36":{"start":{"line":50,"column":2},"end":{"line":55,"column":3}},"37":{"start":{"line":51,"column":22},"end":{"line":51,"column":69}},"38":{"start":{"line":52,"column":4},"end":{"line":52,"column":16}},"39":{"start":{"line":54,"column":4},"end":{"line":54,"column":78}},"40":{"start":{"line":58,"column":0},"end":{"line":60,"column":2}},"41":{"start":{"line":59,"column":2},"end":{"line":59,"column":114}}},"fnMap":{"0":{"name":"(anonymous_0)","decl":{"start":{"line":4,"column":18},"end":{"line":4,"column":19}},"loc":{"start":{"line":4,"column":36},"end":{"line":27,"column":1}},"line":4},"1":{"name":"(anonymous_1)","decl":{"start":{"line":29,"column":20},"end":{"line":29,"column":21}},"loc":{"start":{"line":29,"column":47},"end":{"line":36,"column":1}},"line":29},"2":{"name":"(anonymous_2)","decl":{"start":{"line":38,"column":21},"end":{"line":38,"column":22}},"loc":{"start":{"line":38,"column":35},"end":{"line":47,"column":1}},"line":38},"3":{"name":"(anonymous_3)","decl":{"start":{"line":49,"column":20},"end":{"line":49,"column":21}},"loc":{"start":{"line":49,"column":51},"end":{"line":56,"column":1}},"line":49},"4":{"name":"(anonymous_4)","decl":{"start":{"line":58,"column":20},"end":{"line":58,"column":21}},"loc":{"start":{"line":58,"column":42},"end":{"line":60,"column":1}},"line":58}},"branchMap":{"0":{"loc":{"start":{"line":9,"column":4},"end":{"line":19,"column":5}},"type":"if","locations":[{"start":{"line":9,"column":4},"end":{"line":19,"column":5}},{"start":{"line":10,"column":9},"end":{"line":19,"column":5}}],"line":9},"1":{"loc":{"start":{"line":9,"column":8},"end":{"line":9,"column":66}},"type":"binary-expr","locations":[{"start":{"line":9,"column":8},"end":{"line":9,"column":13}},{"start":{"line":9,"column":17},"end":{"line":9,"column":22}},{"start":{"line":9,"column":26},"end":{"line":9,"column":35}},{"start":{"line":9,"column":39},"end":{"line":9,"column":50}},{"start":{"line":9,"column":54},"end":{"line":9,"column":66}}],"line":9},"2":{"loc":{"start":{"line":12,"column":6},"end":{"line":12,"column":35}},"type":"if","locations":[{"start":{"line":12,"column":6},"end":{"line":12,"column":35}},{"start":{},"end":{}}],"line":12},"3":{"loc":{"start":{"line":13,"column":6},"end":{"line":13,"column":35}},"type":"if","locations":[{"start":{"line":13,"column":6},"end":{"line":13,"column":35}},{"start":{},"end":{}}],"line":13},"4":{"loc":{"start":{"line":14,"column":6},"end":{"line":14,"column":47}},"type":"if","locations":[{"start":{"line":14,"column":6},"end":{"line":14,"column":47}},{"start":{},"end":{}}],"line":14},"5":{"loc":{"start":{"line":15,"column":6},"end":{"line":15,"column":53}},"type":"if","locations":[{"start":{"line":15,"column":6},"end":{"line":15,"column":53}},{"start":{},"end":{}}],"line":15},"6":{"loc":{"start":{"line":16,"column":6},"end":{"line":16,"column":56}},"type":"if","locations":[{"start":{"line":16,"column":6},"end":{"line":16,"column":56}},{"start":{},"end":{}}],"line":16},"7":{"loc":{"start":{"line":21,"column":4},"end":{"line":21,"column":79}},"type":"if","locations":[{"start":{"line":21,"column":4},"end":{"line":21,"column":79}},{"start":{},"end":{}}],"line":21},"8":{"loc":{"start":{"line":25,"column":76},"end":{"line":25,"column":99}},"type":"binary-expr","locations":[{"start":{"line":25,"column":76},"end":{"line":25,"column":92}},{"start":{"line":25,"column":96},"end":{"line":25,"column":99}}],"line":25},"9":{"loc":{"start":{"line":41,"column":4},"end":{"line":41,"column":63}},"type":"if","locations":[{"start":{"line":41,"column":4},"end":{"line":41,"column":63}},{"start":{},"end":{}}],"line":41},"10":{"loc":{"start":{"line":45,"column":76},"end":{"line":45,"column":99}},"type":"binary-expr","locations":[{"start":{"line":45,"column":76},"end":{"line":45,"column":92}},{"start":{"line":45,"column":96},"end":{"line":45,"column":99}}],"line":45}},"s":{"0":1,"1":1,"2":1,"3":3,"4":3,"5":3,"6":0,"7":3,"8":3,"9":0,"10":3,"11":0,"12":3,"13":3,"14":3,"15":0,"16":3,"17":0,"18":3,"19":2,"20":1,"21":1,"22":2,"23":1,"24":2,"25":2,"26":1,"27":1,"28":1,"29":2,"30":2,"31":1,"32":0,"33":1,"34":1,"35":1,"36":2,"37":2,"38":1,"39":1,"40":1,"41":2},"f":{"0":3,"1":2,"2":2,"3":2,"4":2},"b":{"0":[0,3],"1":[3,3,3,0,0],"2":[0,3],"3":[0,3],"4":[3,0],"5":[0,3],"6":[0,3],"7":[1,1],"8":[2,0],"9":[0,1],"10":[1,0]},"_coverageSchema":"1a1c01bbd47fc00a2c39e90264f33305004495a9","hash":"b1c4423e44d66198bcc49ba690bcd81ee7ef0464"}
,"C:\\GitHub\\mySIB-BinarRentCar\\app\\services\\user.js": {"path":"C:\\GitHub\\mySIB-BinarRentCar\\app\\services\\user.js","statementMap":{"0":{"start":{"line":1,"column":25},"end":{"line":1,"column":74}},"1":{"start":{"line":2,"column":20},"end":{"line":2,"column":37}},"2":{"start":{"line":3,"column":23},"end":{"line":3,"column":56}},"3":{"start":{"line":5,"column":0},"end":{"line":25,"column":2}},"4":{"start":{"line":6,"column":2},"end":{"line":24,"column":3}},"5":{"start":{"line":7,"column":60},"end":{"line":7,"column":67}},"6":{"start":{"line":9,"column":4},"end":{"line":9,"column":96}},"7":{"start":{"line":9,"column":29},"end":{"line":9,"column":96}},"8":{"start":{"line":11,"column":30},"end":{"line":11,"column":75}},"9":{"start":{"line":13,"column":17},"end":{"line":20,"column":6}},"10":{"start":{"line":21,"column":4},"end":{"line":21,"column":16}},"11":{"start":{"line":23,"column":4},"end":{"line":23,"column":99}},"12":{"start":{"line":27,"column":0},"end":{"line":47,"column":2}},"13":{"start":{"line":28,"column":2},"end":{"line":46,"column":3}},"14":{"start":{"line":29,"column":32},"end":{"line":29,"column":42}},"15":{"start":{"line":31,"column":4},"end":{"line":31,"column":96}},"16":{"start":{"line":31,"column":29},"end":{"line":31,"column":96}},"17":{"start":{"line":33,"column":17},"end":{"line":33,"column":60}},"18":{"start":{"line":34,"column":4},"end":{"line":34,"column":67}},"19":{"start":{"line":34,"column":15},"end":{"line":34,"column":67}},"20":{"start":{"line":36,"column":26},"end":{"line":36,"column":91}},"21":{"start":{"line":37,"column":4},"end":{"line":37,"column":79}},"22":{"start":{"line":37,"column":24},"end":{"line":37,"column":79}},"23":{"start":{"line":39,"column":18},"end":{"line":39,"column":58}},"24":{"start":{"line":41,"column":26},"end":{"line":41,"column":55}},"25":{"start":{"line":43,"column":4},"end":{"line":43,"column":25}},"26":{"start":{"line":45,"column":4},"end":{"line":45,"column":71}}},"fnMap":{"0":{"name":"(anonymous_0)","decl":{"start":{"line":5,"column":17},"end":{"line":5,"column":18}},"loc":{"start":{"line":5,"column":45},"end":{"line":25,"column":1}},"line":5},"1":{"name":"(anonymous_1)","decl":{"start":{"line":27,"column":20},"end":{"line":27,"column":21}},"loc":{"start":{"line":27,"column":42},"end":{"line":47,"column":1}},"line":27}},"branchMap":{"0":{"loc":{"start":{"line":9,"column":4},"end":{"line":9,"column":96}},"type":"if","locations":[{"start":{"line":9,"column":4},"end":{"line":9,"column":96}},{"start":{},"end":{}}],"line":9},"1":{"loc":{"start":{"line":9,"column":8},"end":{"line":9,"column":27}},"type":"binary-expr","locations":[{"start":{"line":9,"column":8},"end":{"line":9,"column":14}},{"start":{"line":9,"column":18},"end":{"line":9,"column":27}}],"line":9},"2":{"loc":{"start":{"line":19,"column":12},"end":{"line":19,"column":40}},"type":"cond-expr","locations":[{"start":{"line":19,"column":22},"end":{"line":19,"column":29}},{"start":{"line":19,"column":32},"end":{"line":19,"column":40}}],"line":19},"3":{"loc":{"start":{"line":23,"column":74},"end":{"line":23,"column":97}},"type":"binary-expr","locations":[{"start":{"line":23,"column":74},"end":{"line":23,"column":90}},{"start":{"line":23,"column":94},"end":{"line":23,"column":97}}],"line":23},"4":{"loc":{"start":{"line":31,"column":4},"end":{"line":31,"column":96}},"type":"if","locations":[{"start":{"line":31,"column":4},"end":{"line":31,"column":96}},{"start":{},"end":{}}],"line":31},"5":{"loc":{"start":{"line":31,"column":8},"end":{"line":31,"column":27}},"type":"binary-expr","locations":[{"start":{"line":31,"column":8},"end":{"line":31,"column":14}},{"start":{"line":31,"column":18},"end":{"line":31,"column":27}}],"line":31},"6":{"loc":{"start":{"line":34,"column":4},"end":{"line":34,"column":67}},"type":"if","locations":[{"start":{"line":34,"column":4},"end":{"line":34,"column":67}},{"start":{},"end":{}}],"line":34},"7":{"loc":{"start":{"line":37,"column":4},"end":{"line":37,"column":79}},"type":"if","locations":[{"start":{"line":37,"column":4},"end":{"line":37,"column":79}},{"start":{},"end":{}}],"line":37},"8":{"loc":{"start":{"line":45,"column":46},"end":{"line":45,"column":69}},"type":"binary-expr","locations":[{"start":{"line":45,"column":46},"end":{"line":45,"column":62}},{"start":{"line":45,"column":66},"end":{"line":45,"column":69}}],"line":45}},"s":{"0":1,"1":1,"2":1,"3":1,"4":3,"5":3,"6":3,"7":1,"8":2,"9":2,"10":1,"11":2,"12":1,"13":4,"14":4,"15":4,"16":1,"17":3,"18":2,"19":0,"20":2,"21":2,"22":1,"23":1,"24":1,"25":1,"26":3},"f":{"0":3,"1":4},"b":{"0":[1,2],"1":[3,2],"2":[1,1],"3":[2,0],"4":[1,3],"5":[4,3],"6":[0,2],"7":[1,1],"8":[3,0]},"_coverageSchema":"1a1c01bbd47fc00a2c39e90264f33305004495a9","hash":"11bad49b36d5e8a5abef4481a647241de8ad2d6f"}
,"C:\\GitHub\\mySIB-BinarRentCar\\config\\errors\\ApplicationError.js": {"path":"C:\\GitHub\\mySIB-BinarRentCar\\config\\errors\\ApplicationError.js","statementMap":{"0":{"start":{"line":3,"column":4},"end":{"line":3,"column":19}},"1":{"start":{"line":4,"column":4},"end":{"line":4,"column":33}},"2":{"start":{"line":8,"column":0},"end":{"line":8,"column":34}}},"fnMap":{"0":{"name":"(anonymous_0)","decl":{"start":{"line":2,"column":2},"end":{"line":2,"column":3}},"loc":{"start":{"line":2,"column":35},"end":{"line":5,"column":3}},"line":2}},"branchMap":{},"s":{"0":31,"1":31,"2":2},"f":{"0":31},"b":{},"_coverageSchema":"1a1c01bbd47fc00a2c39e90264f33305004495a9","hash":"161a8f00405081f96e95d4da097639c87717272b"}
}
