TN:
SF:app\controllers\cars.js
FN:6,(anonymous_0)
FN:21,(anonymous_1)
FN:38,(anonymous_2)
FN:48,(anonymous_3)
FN:68,(anonymous_4)
FN:90,(anonymous_5)
FNF:6
FNH:6
FNDA:2,(anonymous_0)
FNDA:2,(anonymous_1)
FNDA:1,(anonymous_2)
FNDA:2,(anonymous_3)
FNDA:2,(anonymous_4)
FNDA:2,(anonymous_5)
DA:1,1
DA:3,1
DA:6,1
DA:7,2
DA:8,2
DA:9,2
DA:10,1
DA:11,1
DA:13,1
DA:21,1
DA:22,2
DA:23,2
DA:24,1
DA:30,1
DA:38,1
DA:39,1
DA:40,1
DA:48,1
DA:49,2
DA:50,2
DA:51,2
DA:53,2
DA:54,1
DA:60,1
DA:68,1
DA:69,2
DA:70,2
DA:71,2
DA:72,2
DA:74,2
DA:76,1
DA:82,1
DA:90,1
DA:91,2
DA:92,2
DA:93,2
DA:94,2
DA:95,1
DA:100,1
DA:107,1
LF:40
LH:40
BRDA:60,0,0,1
BRDA:60,0,1,0
BRDA:100,1,0,1
BRDA:100,1,1,0
BRF:4
BRH:2
end_of_record
TN:
SF:app\controllers\general.js
FN:1,(anonymous_0)
FN:8,(anonymous_1)
FNF:2
FNH:2
FNDA:1,(anonymous_0)
FNDA:1,(anonymous_1)
DA:1,1
DA:2,1
DA:8,1
DA:9,1
LF:4
LH:4
BRF:0
BRH:0
end_of_record
TN:
SF:app\controllers\user.js
FN:3,(anonymous_0)
FN:21,(anonymous_1)
FN:39,(anonymous_2)
FN:56,(anonymous_3)
FNF:4
FNH:4
FNDA:2,(anonymous_0)
FNDA:2,(anonymous_1)
FNDA:2,(anonymous_2)
FNDA:1,(anonymous_3)
DA:1,1
DA:3,1
DA:4,2
DA:5,2
DA:6,2
DA:8,1
DA:14,1
DA:21,1
DA:22,2
DA:23,2
DA:25,2
DA:26,1
DA:32,1
DA:39,1
DA:40,2
DA:41,2
DA:42,2
DA:43,1
DA:49,1
DA:56,1
DA:57,1
LF:21
LH:21
BRF:0
BRH:0
end_of_record
TN:
SF:app\middlewares\auth.js
FN:3,(anonymous_0)
FN:17,(anonymous_1)
FN:29,(anonymous_2)
FNF:3
FNH:3
FNDA:2,(anonymous_0)
FNDA:2,(anonymous_1)
FNDA:2,(anonymous_2)
DA:1,1
DA:3,1
DA:4,2
DA:5,2
DA:6,2
DA:7,1
DA:8,1
DA:10,1
DA:17,1
DA:18,2
DA:20,2
DA:21,1
DA:26,1
DA:29,1
DA:30,2
DA:31,2
DA:32,1
DA:37,1
LF:18
LH:18
BRDA:20,0,0,1
BRDA:20,0,1,1
BRDA:31,1,0,1
BRDA:31,1,1,1
BRDA:31,2,0,2
BRDA:31,2,1,2
BRF:6
BRH:6
end_of_record
TN:
SF:app\services\cars.js
FN:4,(anonymous_0)
FN:29,(anonymous_1)
FN:38,(anonymous_2)
FN:49,(anonymous_3)
FN:58,(anonymous_4)
FNF:5
FNH:5
FNDA:3,(anonymous_0)
FNDA:2,(anonymous_1)
FNDA:2,(anonymous_2)
FNDA:2,(anonymous_3)
FNDA:2,(anonymous_4)
DA:1,1
DA:2,1
DA:4,1
DA:5,3
DA:7,3
DA:9,3
DA:11,3
DA:12,3
DA:13,3
DA:14,3
DA:15,3
DA:16,3
DA:18,3
DA:21,2
DA:23,1
DA:25,2
DA:29,1
DA:30,2
DA:31,2
DA:32,1
DA:34,1
DA:38,1
DA:39,2
DA:40,2
DA:41,1
DA:43,1
DA:45,1
DA:49,1
DA:50,2
DA:51,2
DA:52,1
DA:54,1
DA:58,1
DA:59,2
LF:34
LH:34
BRDA:9,0,0,0
BRDA:9,0,1,3
BRDA:9,1,0,3
BRDA:9,1,1,3
BRDA:9,1,2,3
BRDA:9,1,3,0
BRDA:9,1,4,0
BRDA:12,2,0,0
BRDA:12,2,1,3
BRDA:13,3,0,0
BRDA:13,3,1,3
BRDA:14,4,0,3
BRDA:14,4,1,0
BRDA:15,5,0,0
BRDA:15,5,1,3
BRDA:16,6,0,0
BRDA:16,6,1,3
BRDA:21,7,0,1
BRDA:21,7,1,1
BRDA:25,8,0,2
BRDA:25,8,1,0
BRDA:41,9,0,0
BRDA:41,9,1,1
BRDA:45,10,0,1
BRDA:45,10,1,0
BRF:25
BRH:14
end_of_record
TN:
SF:app\services\user.js
FN:5,(anonymous_0)
FN:27,(anonymous_1)
FNF:2
FNH:2
FNDA:3,(anonymous_0)
FNDA:4,(anonymous_1)
DA:1,1
DA:2,1
DA:3,1
DA:5,1
DA:6,3
DA:7,3
DA:9,3
DA:11,2
DA:13,2
DA:21,1
DA:23,2
DA:27,1
DA:28,4
DA:29,4
DA:31,4
DA:33,3
DA:34,2
DA:36,2
DA:37,2
DA:39,1
DA:41,1
DA:43,1
DA:45,3
LF:23
LH:23
BRDA:9,0,0,1
BRDA:9,0,1,2
BRDA:9,1,0,3
BRDA:9,1,1,2
BRDA:19,2,0,1
BRDA:19,2,1,1
BRDA:23,3,0,2
BRDA:23,3,1,0
BRDA:31,4,0,1
BRDA:31,4,1,3
BRDA:31,5,0,4
BRDA:31,5,1,3
BRDA:34,6,0,0
BRDA:34,6,1,2
BRDA:37,7,0,1
BRDA:37,7,1,1
BRDA:45,8,0,3
BRDA:45,8,1,0
BRF:18
BRH:15
end_of_record
TN:
SF:config\errors\ApplicationError.js
FN:2,(anonymous_0)
FNF:1
FNH:1
FNDA:31,(anonymous_0)
DA:3,31
DA:4,31
DA:8,2
LF:3
LH:3
BRF:0
BRH:0
end_of_record
